[1.055s] Invoking command in '/home/rebwar/ros2_ws/src/fire_sim': PYTHONPATH=/home/rebwar/ros2_ws/build/fire_sim/prefix_override:/usr/lib/python3/dist-packages/colcon_core/task/python/colcon_distutils_commands:/home/rebwar/ros2_ws/install/fire_sim/lib/python3.10/site-packages:${PYTHONPATH} /usr/bin/python3 -W ignore:setup.py install is deprecated -W ignore:easy_install command is deprecated setup.py egg_info --egg-base ../../build/fire_sim build --build-base /home/rebwar/ros2_ws/build/fire_sim/build install --record /home/rebwar/ros2_ws/build/fire_sim/install.log --single-version-externally-managed install_data
[1.234s] running egg_info
[1.234s] creating ../../build/fire_sim/fire_sim.egg-info
[1.235s] writing ../../build/fire_sim/fire_sim.egg-info/PKG-INFO
[1.236s] writing dependency_links to ../../build/fire_sim/fire_sim.egg-info/dependency_links.txt
[1.236s] writing entry points to ../../build/fire_sim/fire_sim.egg-info/entry_points.txt
[1.236s] writing requirements to ../../build/fire_sim/fire_sim.egg-info/requires.txt
[1.236s] writing top-level names to ../../build/fire_sim/fire_sim.egg-info/top_level.txt
[1.236s] writing manifest file '../../build/fire_sim/fire_sim.egg-info/SOURCES.txt'
[1.239s] reading manifest file '../../build/fire_sim/fire_sim.egg-info/SOURCES.txt'
[1.239s] writing manifest file '../../build/fire_sim/fire_sim.egg-info/SOURCES.txt'
[1.240s] running build
[1.240s] running build_py
[1.240s] creating /home/rebwar/ros2_ws/build/fire_sim/build
[1.240s] creating /home/rebwar/ros2_ws/build/fire_sim/build/lib
[1.240s] creating /home/rebwar/ros2_ws/build/fire_sim/build/lib/fire_sim
[1.241s] copying fire_sim/__init__.py -> /home/rebwar/ros2_ws/build/fire_sim/build/lib/fire_sim
[1.241s] copying fire_sim/sim_node.py -> /home/rebwar/ros2_ws/build/fire_sim/build/lib/fire_sim
[1.241s] running install
[1.242s] running install_lib
[1.243s] creating /home/rebwar/ros2_ws/install/fire_sim/lib/python3.10/site-packages/fire_sim
[1.243s] copying /home/rebwar/ros2_ws/build/fire_sim/build/lib/fire_sim/__init__.py -> /home/rebwar/ros2_ws/install/fire_sim/lib/python3.10/site-packages/fire_sim
[1.243s] copying /home/rebwar/ros2_ws/build/fire_sim/build/lib/fire_sim/sim_node.py -> /home/rebwar/ros2_ws/install/fire_sim/lib/python3.10/site-packages/fire_sim
[1.244s] byte-compiling /home/rebwar/ros2_ws/install/fire_sim/lib/python3.10/site-packages/fire_sim/__init__.py to __init__.cpython-310.pyc
[1.244s] byte-compiling /home/rebwar/ros2_ws/install/fire_sim/lib/python3.10/site-packages/fire_sim/sim_node.py to sim_node.cpython-310.pyc
[1.246s] running install_data
[1.246s] creating /home/rebwar/ros2_ws/install/fire_sim/share/ament_index
[1.246s] creating /home/rebwar/ros2_ws/install/fire_sim/share/ament_index/resource_index
[1.246s] creating /home/rebwar/ros2_ws/install/fire_sim/share/ament_index/resource_index/packages
[1.247s] copying resource/fire_sim -> /home/rebwar/ros2_ws/install/fire_sim/share/ament_index/resource_index/packages
[1.247s] copying package.xml -> /home/rebwar/ros2_ws/install/fire_sim/share/fire_sim
[1.247s] running install_egg_info
[1.248s] Copying ../../build/fire_sim/fire_sim.egg-info to /home/rebwar/ros2_ws/install/fire_sim/lib/python3.10/site-packages/fire_sim-0.0.0-py3.10.egg-info
[1.249s] running install_scripts
[1.272s] Installing dashboard_node script to /home/rebwar/ros2_ws/install/fire_sim/lib/fire_sim
[1.272s] Installing sim_node script to /home/rebwar/ros2_ws/install/fire_sim/lib/fire_sim
[1.273s] writing list of installed files to '/home/rebwar/ros2_ws/build/fire_sim/install.log'
[1.296s] Invoked command in '/home/rebwar/ros2_ws/src/fire_sim' returned '0': PYTHONPATH=/home/rebwar/ros2_ws/build/fire_sim/prefix_override:/usr/lib/python3/dist-packages/colcon_core/task/python/colcon_distutils_commands:/home/rebwar/ros2_ws/install/fire_sim/lib/python3.10/site-packages:${PYTHONPATH} /usr/bin/python3 -W ignore:setup.py install is deprecated -W ignore:easy_install command is deprecated setup.py egg_info --egg-base ../../build/fire_sim build --build-base /home/rebwar/ros2_ws/build/fire_sim/build install --record /home/rebwar/ros2_ws/build/fire_sim/install.log --single-version-externally-managed install_data
