[0.864s] Invoking command in '/home/rebwar/ros2_ws/src/my_demo_pkg': PYTHONPATH=/home/rebwar/ros2_ws/build/my_demo_pkg/prefix_override:/usr/lib/python3/dist-packages/colcon_core/task/python/colcon_distutils_commands:/home/rebwar/ros2_ws/install/my_demo_pkg/lib/python3.10/site-packages:${PYTHONPATH} /usr/bin/python3 -W ignore:setup.py install is deprecated -W ignore:easy_install command is deprecated setup.py egg_info --egg-base ../../build/my_demo_pkg build --build-base /home/rebwar/ros2_ws/build/my_demo_pkg/build install --record /home/rebwar/ros2_ws/build/my_demo_pkg/install.log --single-version-externally-managed install_data
[1.033s] running egg_info
[1.034s] writing ../../build/my_demo_pkg/my_demo_pkg.egg-info/PKG-INFO
[1.034s] writing dependency_links to ../../build/my_demo_pkg/my_demo_pkg.egg-info/dependency_links.txt
[1.035s] writing entry points to ../../build/my_demo_pkg/my_demo_pkg.egg-info/entry_points.txt
[1.035s] writing requirements to ../../build/my_demo_pkg/my_demo_pkg.egg-info/requires.txt
[1.035s] writing top-level names to ../../build/my_demo_pkg/my_demo_pkg.egg-info/top_level.txt
[1.037s] reading manifest file '../../build/my_demo_pkg/my_demo_pkg.egg-info/SOURCES.txt'
[1.038s] writing manifest file '../../build/my_demo_pkg/my_demo_pkg.egg-info/SOURCES.txt'
[1.038s] running build
[1.039s] running build_py
[1.039s] running install
[1.040s] running install_lib
[1.042s] running install_data
[1.042s] running install_egg_info
[1.043s] removing '/home/rebwar/ros2_ws/install/my_demo_pkg/lib/python3.10/site-packages/my_demo_pkg-0.0.0-py3.10.egg-info' (and everything under it)
[1.044s] Copying ../../build/my_demo_pkg/my_demo_pkg.egg-info to /home/rebwar/ros2_ws/install/my_demo_pkg/lib/python3.10/site-packages/my_demo_pkg-0.0.0-py3.10.egg-info
[1.046s] running install_scripts
[1.065s] writing list of installed files to '/home/rebwar/ros2_ws/build/my_demo_pkg/install.log'
[1.091s] Invoked command in '/home/rebwar/ros2_ws/src/my_demo_pkg' returned '0': PYTHONPATH=/home/rebwar/ros2_ws/build/my_demo_pkg/prefix_override:/usr/lib/python3/dist-packages/colcon_core/task/python/colcon_distutils_commands:/home/rebwar/ros2_ws/install/my_demo_pkg/lib/python3.10/site-packages:${PYTHONPATH} /usr/bin/python3 -W ignore:setup.py install is deprecated -W ignore:easy_install command is deprecated setup.py egg_info --egg-base ../../build/my_demo_pkg build --build-base /home/rebwar/ros2_ws/build/my_demo_pkg/build install --record /home/rebwar/ros2_ws/build/my_demo_pkg/install.log --single-version-externally-managed install_data
