running egg_info
creating ../../build/my_demo_pkg/my_demo_pkg.egg-info
writing ../../build/my_demo_pkg/my_demo_pkg.egg-info/PKG-INFO
writing dependency_links to ../../build/my_demo_pkg/my_demo_pkg.egg-info/dependency_links.txt
writing entry points to ../../build/my_demo_pkg/my_demo_pkg.egg-info/entry_points.txt
writing requirements to ../../build/my_demo_pkg/my_demo_pkg.egg-info/requires.txt
writing top-level names to ../../build/my_demo_pkg/my_demo_pkg.egg-info/top_level.txt
writing manifest file '../../build/my_demo_pkg/my_demo_pkg.egg-info/SOURCES.txt'
reading manifest file '../../build/my_demo_pkg/my_demo_pkg.egg-info/SOURCES.txt'
writing manifest file '../../build/my_demo_pkg/my_demo_pkg.egg-info/SOURCES.txt'
running build
running build_py
creating /home/rebwar/ros2_ws/build/my_demo_pkg/build
creating /home/rebwar/ros2_ws/build/my_demo_pkg/build/lib
creating /home/rebwar/ros2_ws/build/my_demo_pkg/build/lib/my_demo_pkg
copying my_demo_pkg/demo_pub.py -> /home/rebwar/ros2_ws/build/my_demo_pkg/build/lib/my_demo_pkg
copying my_demo_pkg/__init__.py -> /home/rebwar/ros2_ws/build/my_demo_pkg/build/lib/my_demo_pkg
running install
running install_lib
creating /home/rebwar/ros2_ws/install/my_demo_pkg/lib/python3.10/site-packages/my_demo_pkg
copying /home/rebwar/ros2_ws/build/my_demo_pkg/build/lib/my_demo_pkg/demo_pub.py -> /home/rebwar/ros2_ws/install/my_demo_pkg/lib/python3.10/site-packages/my_demo_pkg
copying /home/rebwar/ros2_ws/build/my_demo_pkg/build/lib/my_demo_pkg/__init__.py -> /home/rebwar/ros2_ws/install/my_demo_pkg/lib/python3.10/site-packages/my_demo_pkg
byte-compiling /home/rebwar/ros2_ws/install/my_demo_pkg/lib/python3.10/site-packages/my_demo_pkg/demo_pub.py to demo_pub.cpython-310.pyc
byte-compiling /home/rebwar/ros2_ws/install/my_demo_pkg/lib/python3.10/site-packages/my_demo_pkg/__init__.py to __init__.cpython-310.pyc
running install_data
creating /home/rebwar/ros2_ws/install/my_demo_pkg/share/ament_index
creating /home/rebwar/ros2_ws/install/my_demo_pkg/share/ament_index/resource_index
creating /home/rebwar/ros2_ws/install/my_demo_pkg/share/ament_index/resource_index/packages
copying resource/my_demo_pkg -> /home/rebwar/ros2_ws/install/my_demo_pkg/share/ament_index/resource_index/packages
copying package.xml -> /home/rebwar/ros2_ws/install/my_demo_pkg/share/my_demo_pkg
running install_egg_info
Copying ../../build/my_demo_pkg/my_demo_pkg.egg-info to /home/rebwar/ros2_ws/install/my_demo_pkg/lib/python3.10/site-packages/my_demo_pkg-0.0.0-py3.10.egg-info
running install_scripts
writing list of installed files to '/home/rebwar/ros2_ws/build/my_demo_pkg/install.log'
