[1.046s] Invoking command in '/home/rebwar/ros2_ws/src/my_demo_pkg': PYTHONPATH=/home/rebwar/ros2_ws/build/my_demo_pkg/prefix_override:/usr/lib/python3/dist-packages/colcon_core/task/python/colcon_distutils_commands:/home/rebwar/ros2_ws/install/my_demo_pkg/lib/python3.10/site-packages:${PYTHONPATH} /usr/bin/python3 -W ignore:setup.py install is deprecated -W ignore:easy_install command is deprecated setup.py egg_info --egg-base ../../build/my_demo_pkg build --build-base /home/rebwar/ros2_ws/build/my_demo_pkg/build install --record /home/rebwar/ros2_ws/build/my_demo_pkg/install.log --single-version-externally-managed install_data
[1.225s] running egg_info
[1.226s] creating ../../build/my_demo_pkg/my_demo_pkg.egg-info
[1.227s] writing ../../build/my_demo_pkg/my_demo_pkg.egg-info/PKG-INFO
[1.227s] writing dependency_links to ../../build/my_demo_pkg/my_demo_pkg.egg-info/dependency_links.txt
[1.227s] writing entry points to ../../build/my_demo_pkg/my_demo_pkg.egg-info/entry_points.txt
[1.228s] writing requirements to ../../build/my_demo_pkg/my_demo_pkg.egg-info/requires.txt
[1.228s] writing top-level names to ../../build/my_demo_pkg/my_demo_pkg.egg-info/top_level.txt
[1.228s] writing manifest file '../../build/my_demo_pkg/my_demo_pkg.egg-info/SOURCES.txt'
[1.229s] reading manifest file '../../build/my_demo_pkg/my_demo_pkg.egg-info/SOURCES.txt'
[1.231s] writing manifest file '../../build/my_demo_pkg/my_demo_pkg.egg-info/SOURCES.txt'
[1.231s] running build
[1.231s] running build_py
[1.231s] creating /home/rebwar/ros2_ws/build/my_demo_pkg/build
[1.232s] creating /home/rebwar/ros2_ws/build/my_demo_pkg/build/lib
[1.232s] creating /home/rebwar/ros2_ws/build/my_demo_pkg/build/lib/my_demo_pkg
[1.232s] copying my_demo_pkg/demo_pub.py -> /home/rebwar/ros2_ws/build/my_demo_pkg/build/lib/my_demo_pkg
[1.233s] copying my_demo_pkg/__init__.py -> /home/rebwar/ros2_ws/build/my_demo_pkg/build/lib/my_demo_pkg
[1.233s] running install
[1.233s] running install_lib
[1.234s] creating /home/rebwar/ros2_ws/install/my_demo_pkg/lib/python3.10/site-packages/my_demo_pkg
[1.234s] copying /home/rebwar/ros2_ws/build/my_demo_pkg/build/lib/my_demo_pkg/demo_pub.py -> /home/rebwar/ros2_ws/install/my_demo_pkg/lib/python3.10/site-packages/my_demo_pkg
[1.234s] copying /home/rebwar/ros2_ws/build/my_demo_pkg/build/lib/my_demo_pkg/__init__.py -> /home/rebwar/ros2_ws/install/my_demo_pkg/lib/python3.10/site-packages/my_demo_pkg
[1.235s] byte-compiling /home/rebwar/ros2_ws/install/my_demo_pkg/lib/python3.10/site-packages/my_demo_pkg/demo_pub.py to demo_pub.cpython-310.pyc
[1.235s] byte-compiling /home/rebwar/ros2_ws/install/my_demo_pkg/lib/python3.10/site-packages/my_demo_pkg/__init__.py to __init__.cpython-310.pyc
[1.236s] running install_data
[1.236s] creating /home/rebwar/ros2_ws/install/my_demo_pkg/share/ament_index
[1.236s] creating /home/rebwar/ros2_ws/install/my_demo_pkg/share/ament_index/resource_index
[1.236s] creating /home/rebwar/ros2_ws/install/my_demo_pkg/share/ament_index/resource_index/packages
[1.237s] copying resource/my_demo_pkg -> /home/rebwar/ros2_ws/install/my_demo_pkg/share/ament_index/resource_index/packages
[1.237s] copying package.xml -> /home/rebwar/ros2_ws/install/my_demo_pkg/share/my_demo_pkg
[1.237s] running install_egg_info
[1.239s] Copying ../../build/my_demo_pkg/my_demo_pkg.egg-info to /home/rebwar/ros2_ws/install/my_demo_pkg/lib/python3.10/site-packages/my_demo_pkg-0.0.0-py3.10.egg-info
[1.241s] running install_scripts
[1.264s] writing list of installed files to '/home/rebwar/ros2_ws/build/my_demo_pkg/install.log'
[1.301s] Invoked command in '/home/rebwar/ros2_ws/src/my_demo_pkg' returned '0': PYTHONPATH=/home/rebwar/ros2_ws/build/my_demo_pkg/prefix_override:/usr/lib/python3/dist-packages/colcon_core/task/python/colcon_distutils_commands:/home/rebwar/ros2_ws/install/my_demo_pkg/lib/python3.10/site-packages:${PYTHONPATH} /usr/bin/python3 -W ignore:setup.py install is deprecated -W ignore:easy_install command is deprecated setup.py egg_info --egg-base ../../build/my_demo_pkg build --build-base /home/rebwar/ros2_ws/build/my_demo_pkg/build install --record /home/rebwar/ros2_ws/build/my_demo_pkg/install.log --single-version-externally-managed install_data
