running egg_info
writing ../../build/fire_sim/fire_sim.egg-info/PKG-INFO
writing dependency_links to ../../build/fire_sim/fire_sim.egg-info/dependency_links.txt
writing entry points to ../../build/fire_sim/fire_sim.egg-info/entry_points.txt
writing requirements to ../../build/fire_sim/fire_sim.egg-info/requires.txt
writing top-level names to ../../build/fire_sim/fire_sim.egg-info/top_level.txt
reading manifest file '../../build/fire_sim/fire_sim.egg-info/SOURCES.txt'
writing manifest file '../../build/fire_sim/fire_sim.egg-info/SOURCES.txt'
running build
running build_py
copying fire_sim/sim_node.py -> /home/rebwar/ros2_ws/build/fire_sim/build/lib/fire_sim
running install
running install_lib
copying /home/rebwar/ros2_ws/build/fire_sim/build/lib/fire_sim/sim_node.py -> /home/rebwar/ros2_ws/install/fire_sim/lib/python3.10/site-packages/fire_sim
byte-compiling /home/rebwar/ros2_ws/install/fire_sim/lib/python3.10/site-packages/fire_sim/sim_node.py to sim_node.cpython-310.pyc
running install_data
running install_egg_info
removing '/home/rebwar/ros2_ws/install/fire_sim/lib/python3.10/site-packages/fire_sim-0.0.0-py3.10.egg-info' (and everything under it)
Copying ../../build/fire_sim/fire_sim.egg-info to /home/rebwar/ros2_ws/install/fire_sim/lib/python3.10/site-packages/fire_sim-0.0.0-py3.10.egg-info
running install_scripts
Installing dashboard_node script to /home/rebwar/ros2_ws/install/fire_sim/lib/fire_sim
Installing sim_node script to /home/rebwar/ros2_ws/install/fire_sim/lib/fire_sim
writing list of installed files to '/home/rebwar/ros2_ws/build/fire_sim/install.log'
